c:\users\marina\documents\computergraphics\coursework\template\opengltemplate\x64\debug\vc141.pdb
c:\users\marina\documents\computergraphics\coursework\template\opengltemplate\x64\debug\vc141.idb
c:\users\marina\documents\computergraphics\coursework\template\opengltemplate\x64\debug\texture.obj
c:\users\marina\documents\computergraphics\coursework\template\opengltemplate\x64\debug\submarinemovement.obj
c:\users\marina\documents\computergraphics\coursework\template\opengltemplate\x64\debug\sphere.obj
c:\users\marina\documents\computergraphics\coursework\template\opengltemplate\x64\debug\soundsource.obj
c:\users\marina\documents\computergraphics\coursework\template\opengltemplate\x64\debug\skybox.obj
c:\users\marina\documents\computergraphics\coursework\template\opengltemplate\x64\debug\shaders.obj
c:\users\marina\documents\computergraphics\coursework\template\opengltemplate\x64\debug\plane.obj
c:\users\marina\documents\computergraphics\coursework\template\opengltemplate\x64\debug\path.obj
c:\users\marina\documents\computergraphics\coursework\template\opengltemplate\x64\debug\openassetimportmesh.obj
c:\users\marina\documents\computergraphics\coursework\template\opengltemplate\x64\debug\matrixstack.obj
c:\users\marina\documents\computergraphics\coursework\template\opengltemplate\x64\debug\highresolutiontimer.obj
c:\users\marina\documents\computergraphics\coursework\template\opengltemplate\x64\debug\gamewindow.obj
c:\users\marina\documents\computergraphics\coursework\template\opengltemplate\x64\debug\game.obj
c:\users\marina\documents\computergraphics\coursework\template\opengltemplate\x64\debug\freetypefont.obj
c:\users\marina\documents\computergraphics\coursework\template\opengltemplate\x64\debug\cubemap.obj
c:\users\marina\documents\computergraphics\coursework\template\opengltemplate\x64\debug\circbuffer.obj
c:\users\marina\documents\computergraphics\coursework\template\opengltemplate\x64\debug\catmullrom.obj
c:\users\marina\documents\computergraphics\coursework\template\opengltemplate\x64\debug\camera.obj
c:\users\marina\documents\computergraphics\coursework\template\opengltemplate\x64\debug\audio.obj
c:\users\marina\documents\computergraphics\coursework\template\opengltemplate\x64\debug\vertexbufferobjectindexed.obj
c:\users\marina\documents\computergraphics\coursework\template\opengltemplate\x64\debug\vertexbufferobject.obj
c:\users\marina\documents\computergraphics\coursework\template\opengltemplate\x64\debug\framebufferobject.obj
c:\users\marina\documents\computergraphics\coursework\template\opengltemplate\x64\debug\cube.obj
c:\users\marina\documents\computergraphics\coursework\template\opengltemplate\x64\debug\torus.obj
c:\users\marina\documents\computergraphics\coursework\template\x64\debug\opengltemplate.exe
c:\users\marina\documents\computergraphics\coursework\template\x64\debug\opengltemplate.ilk
c:\users\marina\documents\computergraphics\coursework\template\x64\debug\opengltemplate.pdb
c:\users\marina\documents\computergraphics\coursework\template\x64\debug\opengltemplate.lib
c:\users\marina\documents\computergraphics\coursework\template\x64\debug\opengltemplate.exp
c:\users\marina\documents\computergraphics\coursework\template\opengltemplate\x64\debug\opengltemplate.res
c:\users\marina\documents\computergraphics\coursework\template\opengltemplate\x64\debug\opengltemplate.tlog\cl.command.1.tlog
c:\users\marina\documents\computergraphics\coursework\template\opengltemplate\x64\debug\opengltemplate.tlog\cl.read.1.tlog
c:\users\marina\documents\computergraphics\coursework\template\opengltemplate\x64\debug\opengltemplate.tlog\cl.write.1.tlog
c:\users\marina\documents\computergraphics\coursework\template\opengltemplate\x64\debug\opengltemplate.tlog\link.command.1.tlog
c:\users\marina\documents\computergraphics\coursework\template\opengltemplate\x64\debug\opengltemplate.tlog\link.read.1.tlog
c:\users\marina\documents\computergraphics\coursework\template\opengltemplate\x64\debug\opengltemplate.tlog\link.write.1.tlog
c:\users\marina\documents\computergraphics\coursework\template\opengltemplate\x64\debug\opengltemplate.tlog\opengltemplate.write.1u.tlog
c:\users\marina\documents\computergraphics\coursework\template\opengltemplate\x64\debug\opengltemplate.tlog\rc.command.1.tlog
c:\users\marina\documents\computergraphics\coursework\template\opengltemplate\x64\debug\opengltemplate.tlog\rc.read.1.tlog
c:\users\marina\documents\computergraphics\coursework\template\opengltemplate\x64\debug\opengltemplate.tlog\rc.write.1.tlog
